<?xml version="1.0" encoding="utf-8"?><testsuites name="pytest tests"><testsuite name="pytest" errors="0" failures="0" skipped="0" tests="12" time="1.496" timestamp="2026-02-15T04:14:56.651609+00:00" hostname="agent-env-f3ce286a-938c-4f52-8ef2-f44ef6aa5e50"><testcase classname="backend.tests.test_amplifier_power_model.TestEquipmentAPI" name="test_equipment_api_returns_transistor_data" time="0.858" /><testcase classname="backend.tests.test_amplifier_power_model.TestEquipmentAPI" name="test_equipment_api_returns_radio_data" time="0.110" /><testcase classname="backend.tests.test_amplifier_power_model.TestPowerModelCalculations" name="test_cobra_to_3pill_toshiba_expected_power" time="0.000" /><testcase classname="backend.tests.test_amplifier_power_model.TestPowerModelCalculations" name="test_galaxy_to_3pill_toshiba_expected_power" time="0.000" /><testcase classname="backend.tests.test_amplifier_power_model.TestPowerModelCalculations" name="test_stryker_to_3pill_toshiba_expected_power" time="0.000" /><testcase classname="backend.tests.test_amplifier_power_model.TestPowerModelCalculations" name="test_peak_power_calculation" time="0.000" /><testcase classname="backend.tests.test_amplifier_power_model.TestJumperCableLoss" name="test_rg8x_3ft_jumper_loss" time="0.000" /><testcase classname="backend.tests.test_amplifier_power_model.TestJumperCableLoss" name="test_rg213_6ft_jumper_loss" time="0.000" /><testcase classname="backend.tests.test_amplifier_power_model.TestJumperCableLoss" name="test_lmr400_10ft_jumper_loss" time="0.000" /><testcase classname="backend.tests.test_amplifier_power_model.TestJumperCableLoss" name="test_jumper_loss_affects_output_power" time="0.000" /><testcase classname="backend.tests.test_amplifier_power_model.TestMultiStageChain" name="test_two_stage_chain_power_calculation" time="0.000" /><testcase classname="backend.tests.test_amplifier_power_model.TestConfigurationSaveLoad" name="test_save_configuration_with_amplifier_settings" time="0.478" /></testsuite></testsuites>