<?xml version="1.0" encoding="utf-8"?><testsuites name="pytest tests"><testsuite name="pytest" errors="0" failures="0" skipped="0" tests="7" time="2.814" timestamp="2026-02-14T22:56:21.251907+00:00" hostname="agent-env-01eac952-ccd0-49e5-b619-823de782dff9"><testcase classname="backend.tests.test_dual_swr_feature.TestDualSWRBackendAPIs" name="test_health_check_equipment_endpoint" time="0.172" /><testcase classname="backend.tests.test_dual_swr_feature.TestDualSWRBackendAPIs" name="test_antenna_types_for_swr" time="0.111" /><testcase classname="backend.tests.test_dual_swr_feature.TestDualSWRBackendAPIs" name="test_vehicles_have_ground_plane" time="0.139" /><testcase classname="backend.tests.test_dual_swr_feature.TestDualSWRBackendAPIs" name="test_calculate_endpoint_returns_swr" time="0.143" /><testcase classname="backend.tests.test_dual_swr_feature.TestConfigurations" name="test_save_config_with_bonding_setting" time="0.617" /><testcase classname="backend.tests.test_dual_swr_feature.TestConfigurations" name="test_save_config_various_antennas" time="1.079" /><testcase classname="backend.tests.test_dual_swr_feature.TestYagiConfiguration" name="test_yagi_mode_config_fields" time="0.452" /></testsuite></testsuites>