<?xml version="1.0" encoding="utf-8"?><testsuites name="pytest tests"><testsuite name="pytest" errors="0" failures="0" skipped="0" tests="13" time="4.872" timestamp="2026-02-14T18:57:22.098037+00:00" hostname="agent-env-ff29ff10-09f2-4f51-9b29-649d1285c553"><testcase classname="backend.tests.test_transistor_amp_system.TestEquipmentAPI" name="test_equipment_returns_transistors" time="0.189" /><testcase classname="backend.tests.test_transistor_amp_system.TestEquipmentAPI" name="test_equipment_returns_heatsinks" time="0.144" /><testcase classname="backend.tests.test_transistor_amp_system.TestEquipmentAPI" name="test_equipment_returns_box_sizes" time="0.130" /><testcase classname="backend.tests.test_transistor_amp_system.TestEquipmentAPI" name="test_equipment_does_not_return_old_amp_categories" time="0.136" /><testcase classname="backend.tests.test_transistor_amp_system.TestConfigurationAPI" name="test_create_config_with_new_fields" time="0.643" /><testcase classname="backend.tests.test_transistor_amp_system.TestConfigurationAPI" name="test_create_config_with_no_amp" time="0.647" /><testcase classname="backend.tests.test_transistor_amp_system.TestConfigurationAPI" name="test_list_configs_returns_new_fields" time="0.806" /><testcase classname="backend.tests.test_transistor_amp_system.TestCalculateAPI" name="test_calculate_with_transistor_amps" time="0.198" /><testcase classname="backend.tests.test_transistor_amp_system.TestCalculateAPI" name="test_calculate_no_amp" time="0.116" /><testcase classname="backend.tests.test_transistor_amp_system.TestCalculateAPI" name="test_calculate_detects_under_driven" time="0.133" /><testcase classname="backend.tests.test_transistor_amp_system.TestAdminEquipment" name="test_admin_equipment_includes_transistors" time="0.672" /><testcase classname="backend.tests.test_transistor_amp_system.TestAdminEquipment" name="test_admin_equipment_includes_heatsinks" time="0.579" /><testcase classname="backend.tests.test_transistor_amp_system.TestLogin" name="test_admin_login" time="0.407" /></testsuite></testsuites>