<?xml version="1.0" encoding="utf-8"?><testsuites name="pytest tests"><testsuite name="pytest" errors="0" failures="0" skipped="0" tests="9" time="2.969" timestamp="2026-02-14T20:32:08.928413+00:00" hostname="agent-env-67ee28f0-ff7f-4f6b-b79e-9c184c15bf76"><testcase classname="backend.tests.test_mid_driver_feature.TestMidDriverConfiguration" name="test_save_config_with_mid_driver" time="0.804" /><testcase classname="backend.tests.test_mid_driver_feature.TestMidDriverConfiguration" name="test_save_config_without_mid_driver" time="0.658" /><testcase classname="backend.tests.test_mid_driver_feature.TestMidDriverConfiguration" name="test_full_3_stage_config" time="0.611" /><testcase classname="backend.tests.test_mid_driver_feature.TestMitsubishiTransistorSpecs" name="test_mitsubishi_wattsPEP_is_180" time="0.147" /><testcase classname="backend.tests.test_mid_driver_feature.TestMitsubishiTransistorSpecs" name="test_mitsubishi_efficiency" time="0.159" /><testcase classname="backend.tests.test_mid_driver_feature.TestMitsubishiTransistorSpecs" name="test_mitsubishi_current_draw_calculation" time="0.153" /><testcase classname="backend.tests.test_mid_driver_feature.TestUnderDrivenThreshold" name="test_cobra29_single_pill_not_underdriven" time="0.139" /><testcase classname="backend.tests.test_mid_driver_feature.TestUnderDrivenThreshold" name="test_extreme_underdriven_scenario" time="0.135" /><testcase classname="backend.tests.test_mid_driver_feature.TestCalculateWithMidDriver" name="test_calculate_accepts_mid_driver_fields" time="0.113" /></testsuite></testsuites>