<?xml version="1.0" encoding="utf-8"?><testsuites name="pytest tests"><testsuite name="pytest" errors="0" failures="0" skipped="0" tests="10" time="0.801" timestamp="2026-02-11T00:26:32.296235+00:00" hostname="agent-env-25b49957-fe17-421d-b699-04d3af65cb46"><testcase classname="backend.tests.test_rf_calculate.TestRFCalculateEndpoint" name="test_calculate_endpoint_exists" time="0.093" /><testcase classname="backend.tests.test_rf_calculate.TestRFCalculateEndpoint" name="test_under_driven_with_weak_radio_strong_final" time="0.039" /><testcase classname="backend.tests.test_rf_calculate.TestRFCalculateEndpoint" name="test_not_under_driven_with_strong_radio_matched_final" time="0.035" /><testcase classname="backend.tests.test_rf_calculate.TestRFCalculateEndpoint" name="test_no_final_amp_no_under_driven" time="0.036" /><testcase classname="backend.tests.test_rf_calculate.TestRFCalculateEndpoint" name="test_takeoff_angle_returned" time="0.038" /><testcase classname="backend.tests.test_rf_calculate.TestRFCalculateEndpoint" name="test_takeoff_angle_penalty_without_bonding" time="0.078" /><testcase classname="backend.tests.test_rf_calculate.TestRFCalculateEndpoint" name="test_all_rf_calc_fields_present" time="0.042" /><testcase classname="backend.tests.test_rf_calculate.TestEquipmentEndpoint" name="test_equipment_endpoint" time="0.041" /><testcase classname="backend.tests.test_rf_calculate.TestAuthEndpoints" name="test_login_success" time="0.256" /><testcase classname="backend.tests.test_rf_calculate.TestAuthEndpoints" name="test_login_invalid_credentials" time="0.039" /></testsuite></testsuites>