<?xml version="1.0" encoding="utf-8"?><testsuites name="pytest tests"><testsuite name="pytest" errors="0" failures="0" skipped="0" tests="11" time="4.482" timestamp="2026-02-14T19:24:58.547861+00:00" hostname="agent-env-67ee28f0-ff7f-4f6b-b79e-9c184c15bf76"><testcase classname="backend.tests.test_5tier_heatsink_system.TestEquipment5TierHeatsinks" name="test_equipment_returns_5_heatsinks" time="0.212" /><testcase classname="backend.tests.test_5tier_heatsink_system.TestEquipment5TierHeatsinks" name="test_heatsink_thermal_specs_correct" time="0.191" /><testcase classname="backend.tests.test_5tier_heatsink_system.TestEquipment5TierHeatsinks" name="test_xlarge_heatsink_present" time="0.185" /><testcase classname="backend.tests.test_5tier_heatsink_system.TestEquipment5TierHeatsinks" name="test_extreme_heatsink_present" time="0.160" /><testcase classname="backend.tests.test_5tier_heatsink_system.TestConfigurationWithNewHeatsinks" name="test_save_config_with_xlarge_heatsink" time="0.809" /><testcase classname="backend.tests.test_5tier_heatsink_system.TestConfigurationWithNewHeatsinks" name="test_save_config_with_extreme_heatsink" time="0.625" /><testcase classname="backend.tests.test_5tier_heatsink_system.TestConfigurationWithNewHeatsinks" name="test_backward_compatible_with_old_heatsinks" time="0.669" /><testcase classname="backend.tests.test_5tier_heatsink_system.TestCalculateWithHeatsinks" name="test_calculate_with_xlarge_heatsink" time="0.169" /><testcase classname="backend.tests.test_5tier_heatsink_system.TestCalculateWithHeatsinks" name="test_calculate_with_extreme_heatsink" time="0.262" /><testcase classname="backend.tests.test_5tier_heatsink_system.TestCalculateWithHeatsinks" name="test_calculate_various_box_sizes" time="0.665" /><testcase classname="backend.tests.test_5tier_heatsink_system.TestAdminHeatsinks" name="test_admin_equipment_has_5_heatsinks" time="0.469" /></testsuite></testsuites>